#
# A fatal error has been detected by the Java Runtime Environment:
#
#  EXCEPTION_ACCESS_VIOLATION (0xc0000005) at pc=0x00007ffada400e57, pid=12100, tid=0x0000000000002584
#
# JRE version: Java(TM) SE Runtime Environment (8.0_131-b11) (build 1.8.0_131-b11)
# Java VM: Java HotSpot(TM) 64-Bit Server VM (25.131-b11 mixed mode windows-amd64 compressed oops)
# Problematic frame:
# C  [ntdll.dll+0x30e57]
#
# Failed to write core dump. Minidumps are not enabled by default on client versions of Windows
#
# If you would like to submit a bug report, please visit:
#   http://bugreport.java.com/bugreport/crash.jsp
# The crash happened outside the Java Virtual Machine in native code.
# See problematic frame for where to report the bug.
#

---------------  T H R E A D  ---------------

Current thread (0x0000000019224000):  JavaThread "Thread-0" [_thread_in_native, id=9604, stack(0x0000000019fb0000,0x000000001a0b0000)]

siginfo: ExceptionCode=0xc0000005, reading address 0x000000021fea443f

Registers:
RAX=0x0000000000000000, RBX=0x000000001c44eed0, RCX=0x00000000014d0000, RDX=0x0000000000000000
RSP=0x000000001a0ae290, RBP=0x000000021fea4440, RSI=0x0000000000000000, RDI=0x00000000014d0000
R8 =0x000000021fea4440, R9 =0x0000000000000002, R10=0x0000000000000002, R11=0x0000000000000002
R12=0x0000000000000000, R13=0x0000000000000002, R14=0x000000021fea4430, R15=0x0000000000000008
RIP=0x00007ffada400e57, EFLAGS=0x0000000000010246

Top of Stack: (sp=0x000000001a0ae290)
0x000000001a0ae290:   0000000000bd0fc0 0000000000150000
0x000000001a0ae2a0:   0000000000000000 000000001a0ae8d0
0x000000001a0ae2b0:   00000000014d0000 00007ffada401208
0x000000001a0ae2c0:   00000000001b0000 0000000000000000
0x000000001a0ae2d0:   000000001a0ae600 000000001c998ca0
0x000000001a0ae2e0:   0000000000000008 0000000000000001
0x000000001a0ae2f0:   000000001a0ae7b0 0000000000000018
0x000000001a0ae300:   000000001c44ea00 737265746e756f63
0x000000001a0ae310:   000000001a0ae600 000000001c998ca0
0x000000001a0ae320:   0000000000000008 0000000000000003
0x000000001a0ae330:   737265746e756f63 0000000019f2f220
0x000000001a0ae340:   30203d21205d6b5b 00007ffad951995c
0x000000001a0ae350:   000000001c44eed0 0000000000000003
0x000000001a0ae360:   737265746e756f63 0000000019f2f220
0x000000001a0ae370:   000000001c44eed0 0000000019d97229
0x000000001a0ae380:   000000001c44f470 0000000000000006 

Instructions: (pc=0x00007ffada400e57)
0x00007ffada400e37:   9e 03 00 00 f6 47 78 01 0f 85 09 82 08 00 40 f6
0x00007ffada400e47:   c5 0f 0f 85 dd 81 08 00 4c 8d 75 f0 41 0f 0d 0e
0x00007ffada400e57:   41 80 7e 0f 05 0f 84 95 81 08 00 41 f6 46 0f 3f
0x00007ffada400e67:   0f 84 9b 81 08 00 4d 85 f6 0f 84 55 83 08 00 80 


Register to memory mapping:

RAX=0x0000000000000000 is an unknown value
RBX=0x000000001c44eed0 is an unknown value
RCX=0x00000000014d0000 is an unknown value
RDX=0x0000000000000000 is an unknown value
RSP=0x000000001a0ae290 is pointing into the stack for thread: 0x0000000019224000
RBP=0x000000021fea4440 is an unknown value
RSI=0x0000000000000000 is an unknown value
RDI=0x00000000014d0000 is an unknown value
R8 =0x000000021fea4440 is an unknown value
R9 =0x0000000000000002 is an unknown value
R10=0x0000000000000002 is an unknown value
R11=0x0000000000000002 is an unknown value
R12=0x0000000000000000 is an unknown value
R13=0x0000000000000002 is an unknown value
R14=0x000000021fea4430 is an unknown value
R15=0x0000000000000008 is an unknown value


Stack: [0x0000000019fb0000,0x000000001a0b0000],  sp=0x000000001a0ae290,  free space=1016k
Native frames: (J=compiled Java code, j=interpreted, Vv=VM code, C=native code)
C  [ntdll.dll+0x30e57]
C  [msvcrt.dll+0x1995c]
C  [libopencv_core320.dll+0x137229]
C  [libopencv_core320.dll+0x5d880]
C  [libopencv_core320.dll+0x64a05]
C  [libopencv_core320.dll+0xab7f6]
C  [hello.dll+0x1ccf]
C  0x00000000032d7f74

Java frames: (J=compiled Java code, j=interpreted, Vv=VM code)
j  chamberofsecrets.HelloJNI.sayHello(Ljava/lang/String;)V+0
j  chamberofsecrets.MyRunnableClass.run()V+11
j  java.lang.Thread.run()V+11
v  ~StubRoutines::call_stub

---------------  P R O C E S S  ---------------

Java Threads: ( => current thread )
=>0x0000000019224000 JavaThread "Thread-0" [_thread_in_native, id=9604, stack(0x0000000019fb0000,0x000000001a0b0000)]
  0x0000000017e6e800 JavaThread "Service Thread" daemon [_thread_blocked, id=9740, stack(0x0000000019a60000,0x0000000019b60000)]
  0x0000000017e66000 JavaThread "C1 CompilerThread2" daemon [_thread_blocked, id=10372, stack(0x0000000019960000,0x0000000019a60000)]
  0x0000000017e38800 JavaThread "C2 CompilerThread1" daemon [_thread_blocked, id=11420, stack(0x0000000019860000,0x0000000019960000)]
  0x0000000017e2b000 JavaThread "C2 CompilerThread0" daemon [_thread_blocked, id=7060, stack(0x0000000019760000,0x0000000019860000)]
  0x00000000191a3000 JavaThread "Attach Listener" daemon [_thread_blocked, id=3500, stack(0x0000000019660000,0x0000000019760000)]
  0x00000000191a2800 JavaThread "Signal Dispatcher" daemon [_thread_blocked, id=12208, stack(0x0000000019560000,0x0000000019660000)]
  0x0000000017dfa800 JavaThread "Finalizer" daemon [_thread_blocked, id=6508, stack(0x0000000019060000,0x0000000019160000)]
  0x00000000032b0000 JavaThread "Reference Handler" daemon [_thread_blocked, id=4204, stack(0x0000000018f60000,0x0000000019060000)]
  0x00000000031c0800 JavaThread "main" [_thread_in_native, id=9356, stack(0x0000000002c80000,0x0000000002d80000)]

Other Threads:
  0x0000000017dd7800 VMThread [stack: 0x0000000018e60000,0x0000000018f60000] [id=5488]
  0x0000000019210000 WatcherThread [stack: 0x0000000019b60000,0x0000000019c60000] [id=9324]

VM state:not at safepoint (normal execution)

VM Mutex/Monitor currently owned by a thread: None

Heap:
 PSYoungGen      total 38400K, used 2662K [0x00000000d5d80000, 0x00000000d8800000, 0x0000000100000000)
  eden space 33280K, 8% used [0x00000000d5d80000,0x00000000d6019a00,0x00000000d7e00000)
  from space 5120K, 0% used [0x00000000d8300000,0x00000000d8300000,0x00000000d8800000)
  to   space 5120K, 0% used [0x00000000d7e00000,0x00000000d7e00000,0x00000000d8300000)
 ParOldGen       total 87552K, used 0K [0x0000000081800000, 0x0000000086d80000, 0x00000000d5d80000)
  object space 87552K, 0% used [0x0000000081800000,0x0000000081800000,0x0000000086d80000)
 Metaspace       used 2868K, capacity 4490K, committed 4864K, reserved 1056768K
  class space    used 318K, capacity 386K, committed 512K, reserved 1048576K

Card table byte_map: [0x0000000012680000,0x0000000012a80000] byte_map_base: 0x0000000012274000

Marking Bits: (ParMarkBitMap*) 0x000000007344c720
 Begin Bits: [0x0000000013130000, 0x00000000150d0000)
 End Bits:   [0x00000000150d0000, 0x0000000017070000)

Polling page: 0x0000000001450000

CodeCache: size=245760Kb used=1117Kb max_used=1117Kb free=244643Kb
 bounds [0x00000000032c0000, 0x0000000003530000, 0x00000000122c0000]
 total_blobs=274 nmethods=29 adapters=159
 compilation: enabled

Compilation events (10 events):
Event: 0.115 Thread 0x0000000017e66000   25       3       java.lang.String::getChars (62 bytes)
Event: 0.115 Thread 0x0000000017e66000 nmethod 25 0x00000000033d3d90 code [0x00000000033d3f40, 0x00000000033d4378]
Event: 0.115 Thread 0x0000000017e66000   26       3       java.lang.String::indexOf (7 bytes)
Event: 0.115 Thread 0x0000000017e66000 nmethod 26 0x00000000033d4590 code [0x00000000033d4700, 0x00000000033d4908]
Event: 0.115 Thread 0x0000000017e66000   27       3       java.lang.AbstractStringBuilder::append (50 bytes)
Event: 0.116 Thread 0x0000000017e66000 nmethod 27 0x00000000033d4990 code [0x00000000033d4b60, 0x00000000033d52b8]
Event: 0.121 Thread 0x0000000017e66000   28       3       java.lang.StringBuilder::append (8 bytes)
Event: 0.121 Thread 0x0000000017e66000 nmethod 28 0x00000000033d5bd0 code [0x00000000033d5d40, 0x00000000033d5ec8]
Event: 0.134 Thread 0x0000000017e66000   29       3       java.lang.System::getSecurityManager (4 bytes)
Event: 0.134 Thread 0x0000000017e66000 nmethod 29 0x00000000033d5f50 code [0x00000000033d60a0, 0x00000000033d61d0]

GC Heap History (0 events):
No events

Deoptimization events (0 events):
No events

Internal exceptions (2 events):
Event: 0.038 Thread 0x00000000031c0800 Exception <a 'java/lang/NoSuchMethodError': Method sun.misc.Unsafe.defineClass(Ljava/lang/String;[BII)Ljava/lang/Class; name or signature does not match> (0x00000000d5d87ca8) thrown at [C:\re\workspace\8-2-build-windows-amd64-cygwin\jdk8u131\8869\hotspot\
Event: 0.038 Thread 0x00000000031c0800 Exception <a 'java/lang/NoSuchMethodError': Method sun.misc.Unsafe.prefetchRead(Ljava/lang/Object;J)V name or signature does not match> (0x00000000d5d87f90) thrown at [C:\re\workspace\8-2-build-windows-amd64-cygwin\jdk8u131\8869\hotspot\src\share\vm\prims

Events (10 events):
Event: 10.338 loading class java/io/DataOutputStream done
Event: 10.338 loading class java/net/Socket$3
Event: 10.338 loading class java/net/Socket$3 done
Event: 10.338 loading class java/net/SocketOutputStream
Event: 10.338 loading class java/net/SocketOutputStream done
Event: 10.339 loading class chamberofsecrets/MyRunnableClass
Event: 10.339 loading class chamberofsecrets/MyRunnableClass done
Event: 10.340 Thread 0x0000000019224000 Thread added: 0x0000000019224000
Event: 10.340 loading class chamberofsecrets/HelloJNI
Event: 10.340 loading class chamberofsecrets/HelloJNI done


Dynamic libraries:
0x00007ff6cfce0000 - 0x00007ff6cfd17000 	C:\Program Files\Java\jre1.8.0_131\bin\javaw.exe
0x00007ffada3d0000 - 0x00007ffada5ab000 	C:\Windows\SYSTEM32\ntdll.dll
0x00007ffad9ce0000 - 0x00007ffad9d8e000 	C:\Windows\System32\KERNEL32.DLL
0x00007ffad68f0000 - 0x00007ffad6b39000 	C:\Windows\System32\KERNELBASE.dll
0x00007ffad7950000 - 0x00007ffad79f1000 	C:\Windows\System32\ADVAPI32.dll
0x00007ffad9500000 - 0x00007ffad959d000 	C:\Windows\System32\msvcrt.dll
0x00007ffad9e40000 - 0x00007ffad9e99000 	C:\Windows\System32\sechost.dll
0x00007ffada1a0000 - 0x00007ffada2c5000 	C:\Windows\System32\RPCRT4.dll
0x00007ffad9980000 - 0x00007ffad9aca000 	C:\Windows\System32\USER32.dll
0x00007ffad6dc0000 - 0x00007ffad6dde000 	C:\Windows\System32\win32u.dll
0x00007ffad9b00000 - 0x00007ffad9b27000 	C:\Windows\System32\GDI32.dll
0x00007ffad6be0000 - 0x00007ffad6d68000 	C:\Windows\System32\gdi32full.dll
0x00007ffad6b40000 - 0x00007ffad6bda000 	C:\Windows\System32\msvcp_win.dll
0x00007ffad75f0000 - 0x00007ffad76e6000 	C:\Windows\System32\ucrtbase.dll
0x00007ffacfa60000 - 0x00007ffacfcc7000 	C:\Windows\WinSxS\amd64_microsoft.windows.common-controls_6595b64144ccf1df_6.0.15063.483_none_26002d27e7c744a2\COMCTL32.dll
0x00007ffad9ea0000 - 0x00007ffada199000 	C:\Windows\System32\combase.dll
0x00007ffad78c0000 - 0x00007ffad792a000 	C:\Windows\System32\bcryptPrimitives.dll
0x00007ffad9ad0000 - 0x00007ffad9afd000 	C:\Windows\System32\IMM32.DLL
0x0000000072790000 - 0x0000000072862000 	C:\Program Files\Java\jre1.8.0_131\bin\msvcr100.dll
0x0000000072c30000 - 0x00000000734cc000 	C:\Program Files\Java\jre1.8.0_131\bin\server\jvm.dll
0x00007ffad9350000 - 0x00007ffad9358000 	C:\Windows\System32\PSAPI.DLL
0x00007ffad2d60000 - 0x00007ffad2d6a000 	C:\Windows\SYSTEM32\VERSION.dll
0x00007ffaca140000 - 0x00007ffaca149000 	C:\Windows\SYSTEM32\WSOCK32.dll
0x00007ffad9b90000 - 0x00007ffad9bfc000 	C:\Windows\System32\WS2_32.dll
0x00007ffad0a10000 - 0x00007ffad0a33000 	C:\Windows\SYSTEM32\WINMM.dll
0x00007ffad09d0000 - 0x00007ffad09fb000 	C:\Windows\SYSTEM32\winmmbase.dll
0x00007ffad6d70000 - 0x00007ffad6db9000 	C:\Windows\System32\cfgmgr32.dll
0x0000000072c20000 - 0x0000000072c2f000 	C:\Program Files\Java\jre1.8.0_131\bin\verify.dll
0x0000000072bf0000 - 0x0000000072c19000 	C:\Program Files\Java\jre1.8.0_131\bin\java.dll
0x0000000072bd0000 - 0x0000000072be6000 	C:\Program Files\Java\jre1.8.0_131\bin\zip.dll
0x00007ffad7e50000 - 0x00007ffad9287000 	C:\Windows\System32\SHELL32.dll
0x00007ffad9d90000 - 0x00007ffad9e3a000 	C:\Windows\System32\shcore.dll
0x00007ffad6e40000 - 0x00007ffad7532000 	C:\Windows\System32\windows.storage.dll
0x00007ffad9c00000 - 0x00007ffad9c51000 	C:\Windows\System32\shlwapi.dll
0x00007ffad6840000 - 0x00007ffad6851000 	C:\Windows\System32\kernel.appcore.dll
0x00007ffad68a0000 - 0x00007ffad68ec000 	C:\Windows\System32\powrprof.dll
0x00007ffad6880000 - 0x00007ffad6895000 	C:\Windows\System32\profapi.dll
0x0000000062400000 - 0x0000000062419000 	C:\Users\Kait\git\chamberofsecrets-java\chamberofsecrets\src\hello.dll
0x0000000061440000 - 0x000000006145a000 	C:\Program Files\mingw-w64\x86_64-7.1.0-posix-seh-rt_v5-rev1\mingw64\bin\libgcc_s_seh-1.dll
0x000000006fc40000 - 0x000000006fda4000 	C:\Program Files\mingw-w64\x86_64-7.1.0-posix-seh-rt_v5-rev1\mingw64\bin\libstdc++-6.dll
0x0000000062d00000 - 0x0000000062d50000 	C:\OpenCV-3.2.0\opencv\mingw_build\install\x64\mingw\bin\libopencv_videoio320.dll
0x00007ffad96c0000 - 0x00007ffad9805000 	C:\Windows\System32\ole32.dll
0x0000000064940000 - 0x0000000064955000 	C:\Program Files\mingw-w64\x86_64-7.1.0-posix-seh-rt_v5-rev1\mingw64\bin\libwinpthread-1.dll
0x00007ffad9290000 - 0x00007ffad9350000 	C:\Windows\System32\OLEAUT32.dll
0x000000006ae80000 - 0x000000006b0ca000 	C:\OpenCV-3.2.0\opencv\mingw_build\install\x64\mingw\bin\libopencv_imgcodecs320.dll
0x0000000066a00000 - 0x0000000066d2f000 	C:\OpenCV-3.2.0\opencv\mingw_build\install\x64\mingw\bin\libopencv_imgproc320.dll
0x00007ffacf610000 - 0x00007ffacf628000 	C:\Windows\SYSTEM32\AVICAP32.dll
0x00007ffacf6c0000 - 0x00007ffacf6df000 	C:\Windows\SYSTEM32\AVIFIL32.dll
0x00007ffacf630000 - 0x00007ffacf659000 	C:\Windows\SYSTEM32\MSVFW32.dll
0x00007ffabf260000 - 0x00007ffabf27c000 	C:\Windows\SYSTEM32\MSACM32.dll
0x0000000019c60000 - 0x0000000019ea5000 	C:\OpenCV-3.2.0\opencv\mingw_build\install\x64\mingw\bin\libopencv_core320.dll
0x0000000072bb0000 - 0x0000000072bca000 	C:\Program Files\Java\jre1.8.0_131\bin\net.dll
0x00007ffad6150000 - 0x00007ffad61ac000 	C:\Windows\system32\mswsock.dll
0x000000001a0b0000 - 0x000000001b8ab000 	C:\OpenCV-3.2.0\opencv\mingw_build\install\x64\mingw\bin\opencv_ffmpeg320_64.dll
0x00007ffacc070000 - 0x00007ffacc07c000 	C:\Windows\SYSTEM32\Secur32.dll
0x00007ffad6740000 - 0x00007ffad6770000 	C:\Windows\SYSTEM32\SSPICLI.DLL
0x00007ffacacc0000 - 0x00007ffacacde000 	C:\Windows\SYSTEM32\OpenCL.dll
0x00007ffab95d0000 - 0x00007ffab963b000 	C:\Windows\System32\DriverStore\FileRepository\igdlh64.inf_amd64_134ba6ee926e8361\IntelOpenCL64.dll
0x00007ffaa85d0000 - 0x00007ffaa87a7000 	C:\Program Files (x86)\Common Files\Intel\OpenCL\bin\x64\intelocl64.dll
0x00007ffac4980000 - 0x00007ffac4aa1000 	C:\Windows\SYSTEM32\OPENGL32.dll
0x00007ffab4b00000 - 0x00007ffab4b9e000 	C:\Program Files (x86)\Common Files\Intel\OpenCL\bin\x64\task_executor64.dll
0x00007ffac5330000 - 0x00007ffac535c000 	C:\Windows\SYSTEM32\GLU32.dll
0x00007ffab43f0000 - 0x00007ffab44c8000 	C:\Program Files (x86)\Common Files\Intel\OpenCL\bin\x64\cpu_device64.dll
0x00007ffa91200000 - 0x00007ffa918d1000 	C:\Windows\System32\DriverStore\FileRepository\igdlh64.inf_amd64_134ba6ee926e8361\igdrcl64.dll
0x00007ffad56b0000 - 0x00007ffad5754000 	C:\Windows\SYSTEM32\dxgi.dll
0x00007ffab5400000 - 0x00007ffab5447000 	C:\Windows\System32\DriverStore\FileRepository\igdlh64.inf_amd64_134ba6ee926e8361\igdfcl64.dll
0x00007ffa90b60000 - 0x00007ffa911fc000 	C:\Windows\System32\DriverStore\FileRepository\igdlh64.inf_amd64_134ba6ee926e8361\igdmcl64.dll
0x00007ffacc870000 - 0x00007ffacca19000 	C:\Windows\SYSTEM32\dbghelp.dll
0x00007ffac66c0000 - 0x00007ffac781d000 	C:\Windows\System32\DriverStore\FileRepository\igdlh64.inf_amd64_134ba6ee926e8361\igc64.dll
0x00007ffa90100000 - 0x00007ffa90b57000 	C:\Windows\System32\nvopencl.dll
0x00007ffad7a10000 - 0x00007ffad7e4b000 	C:\Windows\System32\SETUPAPI.dll
0x00007ffab26c0000 - 0x00007ffab276c000 	C:\Windows\SYSTEM32\nvfatbinaryLoader.dll
0x00007ffad4f50000 - 0x00007ffad4fe5000 	C:\Windows\system32\uxtheme.dll
0x00007ffad5300000 - 0x00007ffad5328000 	C:\Windows\SYSTEM32\DEVOBJ.dll
0x00007ffad6de0000 - 0x00007ffad6e36000 	C:\Windows\System32\WINTRUST.dll
0x00007ffad6860000 - 0x00007ffad6871000 	C:\Windows\System32\MSASN1.dll
0x00007ffad76f0000 - 0x00007ffad78b9000 	C:\Windows\System32\CRYPT32.dll
0x00007ffac9c20000 - 0x00007ffaca01c000 	C:\Windows\system32\nvapi64.dll

VM Arguments:
jvm_args: -Djava.library.path=D:\workspace-sts\chamberofsecrets\libs -Dfile.encoding=UTF-8 
java_command: chamberofsecrets.chamberofsecrets
java_class_path (initial): C:\Users\Kait\git\chamberofsecrets-java\chamberofsecrets\bin;D:\workspace-sts\chamberofsecrets\libs\opencv-320.jar
Launcher Type: SUN_STANDARD

Environment Variables:
JAVA_HOME=C:\Program Files\Java\jdk1.8.0_131
PATH=C:/Program Files/Java/jre1.8.0_131/bin/server;C:/Program Files/Java/jre1.8.0_131/bin;C:/Program Files/Java/jre1.8.0_131/lib/amd64;C:\ProgramData\Oracle\Java\javapath;C:\Program Files\NVIDIA GPU Computing Toolkit\CUDA\v8.0\bin;C:\Program Files\NVIDIA GPU Computing Toolkit\CUDA\v8.0\libnvvp;C:\Windows\system32;C:\Windows;C:\Windows\System32\Wbem;C:\Windows\System32\WindowsPowerShell\v1.0\;C:\Program Files\PuTTY\;C:\Program Files (x86)\NVIDIA Corporation\PhysX\Common;C:\Program Files\MySQL\MySQL Utilities 1.6\;C:\Program Files\nodejs\;C:\Program Files\mingw-w64\x86_64-7.1.0-posix-seh-rt_v5-rev1\mingw64\bin;C:\Program Files\CMake\bin;C:\OpenCV-3.2.0\opencv\mingw_build\install\x64\mingw\bin;C:\OpenCV-3.2.0\opencv\mingw_build\install\include;C:\Program Files\Java\jdk1.8.0_131\bin;C:\Users\Kait\AppData\Local\Microsoft\WindowsApps;C:\Program Files\Bandizip\;C:\Users\Kait\AppData\Local\Programs\Python\Python35;C:\Users\Kait\AppData\Local\Programs\Python\Python35\Scripts;C:\Users\Kait\AppData\Local\Programs\Python\Python35\Lib;C:\Users\Kait\AppData\Roaming\npm;C:\Users\Kait\git\dobbydo\dobbydo\libs;C:\OpenCV-3.2.0\opencv\build\bin;;C:\Windows\System32;
USERNAME=Kait
OS=Windows_NT
PROCESSOR_IDENTIFIER=Intel64 Family 6 Model 78 Stepping 3, GenuineIntel



---------------  S Y S T E M  ---------------

OS: Windows 10.0 , 64 bit Build 15063 (10.0.15063.296)

CPU:total 4 (initial active 4) (2 cores per cpu, 2 threads per core) family 6 model 78 stepping 3, cmov, cx8, fxsr, mmx, sse, sse2, sse3, ssse3, sse4.1, sse4.2, popcnt, avx, avx2, aes, clmul, erms, 3dnowpref, lzcnt, ht, tsc, tscinvbit, bmi1, bmi2, adx

Memory: 4k page, physical 8284152k(3225144k free), swap 12347384k(5710636k free)

vm_info: Java HotSpot(TM) 64-Bit Server VM (25.131-b11) for windows-amd64 JRE (1.8.0_131-b11), built on Mar 15 2017 01:23:53 by "java_re" with MS VC++ 10.0 (VS2010)

time: Fri Jul 28 10:13:56 2017
elapsed time: 27 seconds (0d 0h 0m 27s)

